 de ::1 à Friday 24th of May 2024 02:21:58 PM
superuser@test.fr de ::1 à Friday 24th of May 2024 02:22:07 PM1
 de ::1 à Friday 24th of May 2024 02:22:16 PM
 de ::1 à Friday 24th of May 2024 02:22:20 PM
superuser@test.fr de ::1 à Friday 24th of May 2024 02:22:30 PM1
 de ::1 à Friday 24th of May 2024 03:00:30 PM
superuser@test.fr de ::1 à Friday 24th of May 2024 03:00:35 PM1
 de ::1 à Friday 24th of May 2024 03:18:23 PM
superuser@test.fr de ::1 à Friday 24th of May 2024 03:18:29 PM1
 de ::1 à Friday 24th of May 2024 10:08:28 PM
superuser@test.fr de ::1 à Friday 24th of May 2024 10:08:44 PM1
 de ::1 à Friday 24th of May 2024 10:47:56 PM
superuser@test.fr de ::1 à Friday 24th of May 2024 10:48:01 PM1
 de ::1 à Friday 24th of May 2024 10:49:00 PM
superuser@test.fr de ::1 à Friday 24th of May 2024 10:49:07 PM1
 de ::1 à Friday 24th of May 2024 10:56:22 PM
superuser@test.fr de ::1 à Friday 24th of May 2024 10:56:27 PM1
 de ::1 à Friday 24th of May 2024 10:57:33 PM
superuser@test.fr de ::1 à Friday 24th of May 2024 10:57:39 PM1
 de ::1 à Friday 24th of May 2024 11:10:20 PM
superuser@test.fr de ::1 à Friday 24th of May 2024 11:10:25 PM1
 de ::1 à Friday 24th of May 2024 11:11:45 PM
superuser@test.fr de ::1 à Friday 24th of May 2024 11:11:51 PM1
 de ::1 à Friday 24th of May 2024 11:40:48 PM
superuser@test.fr de ::1 à Friday 24th of May 2024 11:40:53 PM1
 de ::1 à Friday 24th of May 2024 11:53:34 PM
superuser@test.fr de ::1 à Friday 24th of May 2024 11:53:38 PM1
 de ::1 à Saturday 25th of May 2024 12:01:56 AM
superuser@test.fr de ::1 à Saturday 25th of May 2024 12:02:01 AM1
 de ::1 à Monday 27th of May 2024 10:21:21 AM
simpleuser@test.fr de ::1 à Monday 27th of May 2024 10:21:28 AM
 de ::1 à Monday 27th of May 2024 10:21:37 AM
superuser@test.fr de ::1 à Monday 27th of May 2024 10:21:42 AM1
 de ::1 à Monday 3rd of June 2024 03:52:57 PM
superuser@test.fr de ::1 à Monday 3rd of June 2024 03:53:03 PM1
 de ::1 à Monday 3rd of June 2024 04:15:25 PM
superuser@test.fr de ::1 à Monday 3rd of June 2024 04:15:31 PM1
 de ::1 à Monday 3rd of June 2024 04:16:43 PM
superuser@test.fr de ::1 à Monday 3rd of June 2024 04:16:48 PM1
 de ::1 à Monday 3rd of June 2024 04:19:14 PM
superuser@test.fr de ::1 à Monday 3rd of June 2024 04:19:19 PM1
 de ::1 à Thursday 6th of June 2024 10:13:57 AM
superuser@test.fr de ::1 à Thursday 6th of June 2024 10:14:05 AM1
 de ::1 à Thursday 6th of June 2024 10:21:21 AM
superuser@test.fr de ::1 à Thursday 6th of June 2024 10:21:26 AM1
 de ::1 à Thursday 6th of June 2024 10:51:59 AM
superuser@test.fr de ::1 à Thursday 6th of June 2024 10:52:07 AM1
 de ::1 à Thursday 6th of June 2024 11:20:54 AM
superuser@test.fr de ::1 à Thursday 6th of June 2024 11:21:00 AM1
 de ::1 à Thursday 6th of June 2024 11:24:41 AM
superuser@test.fr de ::1 à Thursday 6th of June 2024 11:24:47 AM1
 de ::1 à Thursday 6th of June 2024 11:25:33 AM
superuser@test.fr de ::1 à Thursday 6th of June 2024 11:25:38 AM1
 de ::1 à Thursday 6th of June 2024 11:26:12 AM
superuser@test.fr de ::1 à Thursday 6th of June 2024 11:26:17 AM1
 de ::1 à Thursday 6th of June 2024 11:26:32 AM
superuser@test.fr de ::1 à Thursday 6th of June 2024 11:26:36 AM1
 de ::1 à Thursday 6th of June 2024 11:43:10 AM
superuser@test.fr de ::1 à Thursday 6th of June 2024 11:43:16 AM1
 de ::1 à Thursday 6th of June 2024 11:44:07 AM
superuser@test.fr de ::1 à Thursday 6th of June 2024 11:44:13 AM1
 de ::1 à Thursday 6th of June 2024 11:46:45 AM
superuser@test.fr de ::1 à Thursday 6th of June 2024 11:46:51 AM1
 de ::1 à Thursday 6th of June 2024 06:54:17 PM
superuser@test.fr de 127.0.0.1 à Thursday 6th of June 2024 06:54:22 PM1
 de ::1 à Thursday 6th of June 2024 07:03:21 PM
superuser@test.fr de ::1 à Thursday 6th of June 2024 07:03:26 PM1
 de ::1 à Thursday 6th of June 2024 07:23:19 PM
superuser@test.fr de ::1 à Thursday 6th of June 2024 07:23:24 PM1
 de ::1 à Friday 7th of June 2024 09:40:42 PM
superuser@test.fr de ::1 à Friday 7th of June 2024 09:40:48 PM1
 de ::1 à Friday 7th of June 2024 09:44:15 PM
 de ::1 à Friday 7th of June 2024 09:45:15 PM
superuser@test.fr de ::1 à Friday 7th of June 2024 09:45:20 PM1
 de ::1 à Friday 7th of June 2024 09:49:39 PM
 de ::1 à Friday 7th of June 2024 09:49:56 PM
 de ::1 à Friday 7th of June 2024 09:50:01 PM
 de ::1 à Friday 7th of June 2024 09:50:02 PM
 de ::1 à Friday 7th of June 2024 09:50:02 PM
 de ::1 à Friday 7th of June 2024 09:50:52 PM
 de ::1 à Friday 7th of June 2024 09:50:53 PM
 de ::1 à Friday 7th of June 2024 09:51:47 PM
 de ::1 à Friday 7th of June 2024 09:51:48 PM
 de ::1 à Friday 7th of June 2024 09:51:48 PM
 de ::1 à Friday 7th of June 2024 09:51:48 PM
 de ::1 à Friday 7th of June 2024 09:51:48 PM
 de ::1 à Friday 7th of June 2024 09:51:48 PM
 de ::1 à Friday 7th of June 2024 09:51:55 PM
 de ::1 à Friday 7th of June 2024 09:51:57 PM
 de ::1 à Friday 7th of June 2024 09:51:57 PM
 de ::1 à Friday 7th of June 2024 09:51:57 PM
 de ::1 à Friday 7th of June 2024 09:51:57 PM
 de ::1 à Friday 7th of June 2024 09:51:57 PM
 de ::1 à Friday 7th of June 2024 09:51:57 PM
 de ::1 à Friday 7th of June 2024 09:52:54 PM
 de ::1 à Friday 7th of June 2024 09:52:54 PM
 de ::1 à Friday 7th of June 2024 09:53:23 PM
 de ::1 à Friday 7th of June 2024 09:53:23 PM
 de ::1 à Friday 7th of June 2024 09:53:23 PM
superuser@test.fr de ::1 à Friday 7th of June 2024 09:53:32 PM1
 de ::1 à Friday 7th of June 2024 09:54:36 PM
 de ::1 à Friday 7th of June 2024 09:54:47 PM
 de ::1 à Friday 7th of June 2024 09:55:52 PM
 de ::1 à Friday 7th of June 2024 09:55:52 PM
 de ::1 à Friday 7th of June 2024 09:55:52 PM
 de ::1 à Friday 7th of June 2024 09:55:56 PM
 de ::1 à Friday 7th of June 2024 09:55:56 PM
 de ::1 à Friday 7th of June 2024 09:55:56 PM
superuser@test.fr de ::1 à Friday 7th of June 2024 09:56:00 PM1
 de ::1 à Friday 7th of June 2024 09:56:16 PM
superuser@test.fr de ::1 à Friday 7th of June 2024 09:56:21 PM1
 de ::1 à Friday 7th of June 2024 10:08:35 PM
superuser@test.fr de ::1 à Friday 7th of June 2024 10:08:40 PM1
 de ::1 à Monday 10th of June 2024 10:21:26 AM
superuser@test.fr de ::1 à Monday 10th of June 2024 10:21:31 AM1
 de ::1 à Monday 10th of June 2024 10:39:39 AM
 de ::1 à Monday 10th of June 2024 10:39:41 AM
 de ::1 à Monday 10th of June 2024 10:39:42 AM
 de ::1 à Monday 10th of June 2024 10:39:42 AM
 de ::1 à Monday 10th of June 2024 10:39:42 AM
 de ::1 à Monday 10th of June 2024 10:39:42 AM
 de ::1 à Monday 10th of June 2024 10:39:42 AM
 de ::1 à Monday 10th of June 2024 10:39:44 AM
 de ::1 à Monday 10th of June 2024 10:39:52 AM
 de ::1 à Monday 10th of June 2024 10:39:52 AM
 de ::1 à Monday 10th of June 2024 10:39:53 AM
 de ::1 à Monday 10th of June 2024 10:39:59 AM
 de ::1 à Monday 10th of June 2024 10:40:17 AM
superuser@test.fr de ::1 à Monday 10th of June 2024 10:41:05 AM1
 de ::1 à Monday 10th of June 2024 10:42:16 AM
superuser@test.fr de ::1 à Monday 10th of June 2024 10:42:22 AM1
 de ::1 à Monday 10th of June 2024 10:42:51 AM
 de ::1 à Monday 10th of June 2024 10:43:03 AM
 de ::1 à Monday 10th of June 2024 10:43:07 AM
 de ::1 à Monday 10th of June 2024 10:43:07 AM
 de ::1 à Monday 10th of June 2024 10:43:07 AM
 de ::1 à Monday 10th of June 2024 10:43:07 AM
 de ::1 à Monday 10th of June 2024 10:43:07 AM
 de ::1 à Monday 10th of June 2024 10:43:07 AM
 de ::1 à Monday 10th of June 2024 10:43:07 AM
 de ::1 à Monday 10th of June 2024 10:43:07 AM
 de ::1 à Monday 10th of June 2024 10:43:08 AM
 de ::1 à Monday 10th of June 2024 10:43:16 AM
 de ::1 à Monday 10th of June 2024 10:44:45 AM
 de ::1 à Monday 10th of June 2024 10:44:45 AM
 de ::1 à Monday 10th of June 2024 10:44:45 AM
 de ::1 à Monday 10th of June 2024 10:44:46 AM
 de ::1 à Monday 10th of June 2024 10:44:46 AM
 de ::1 à Monday 10th of June 2024 10:44:46 AM
 de ::1 à Monday 10th of June 2024 10:44:47 AM
 de ::1 à Monday 10th of June 2024 10:44:47 AM
 de ::1 à Monday 10th of June 2024 10:44:47 AM
 de ::1 à Monday 10th of June 2024 10:45:07 AM
 de ::1 à Monday 10th of June 2024 10:45:49 AM
 de ::1 à Monday 10th of June 2024 10:45:49 AM
 de ::1 à Monday 10th of June 2024 10:46:00 AM
 de ::1 à Monday 10th of June 2024 10:47:04 AM
 de ::1 à Monday 10th of June 2024 10:47:04 AM
 de ::1 à Monday 10th of June 2024 10:47:05 AM
 de ::1 à Monday 10th of June 2024 10:47:17 AM
